  main.cpp
C:\Users\ALPARSLAN\Desktop\War_Game\main.cpp(357,63): warning C4244: 'argument': conversion from 'int' to 'float', possible loss of data
C:\Users\ALPARSLAN\Desktop\War_Game\main.cpp(357,39): warning C4244: 'argument': conversion from 'int' to 'float', possible loss of data
C:\Users\ALPARSLAN\Desktop\War_Game\main.cpp(358,59): warning C4244: 'argument': conversion from 'double' to 'float', possible loss of data
C:\Users\ALPARSLAN\Desktop\War_Game\main.cpp(359,24): warning C4244: 'argument': conversion from 'double' to 'float', possible loss of data
C:\Users\ALPARSLAN\Desktop\War_Game\main.cpp(359,21): warning C4244: 'argument': conversion from 'double' to 'float', possible loss of data
C:\Users\ALPARSLAN\Desktop\War_Game\main.cpp(370,30): warning C4244: 'argument': conversion from 'double' to 'int32_t', possible loss of data
C:\Users\ALPARSLAN\Desktop\War_Game\main.cpp(370,25): warning C4244: 'argument': conversion from 'double' to 'int32_t', possible loss of data
C:\Users\ALPARSLAN\Desktop\War_Game\main.cpp(374,34): warning C4244: 'argument': conversion from 'double' to 'int32_t', possible loss of data
C:\Users\ALPARSLAN\Desktop\War_Game\main.cpp(374,27): warning C4244: 'argument': conversion from 'double' to 'int32_t', possible loss of data
C:\Users\ALPARSLAN\Desktop\War_Game\main.cpp(376,44): warning C4244: 'argument': conversion from 'double' to 'int', possible loss of data
C:\Users\ALPARSLAN\Desktop\War_Game\main.cpp(376,34): warning C4244: 'argument': conversion from 'double' to 'int', possible loss of data
C:\Users\ALPARSLAN\Desktop\War_Game\main.cpp(376,29): warning C4244: 'argument': conversion from 'double' to 'int', possible loss of data
C:\Users\ALPARSLAN\Desktop\War_Game\main.cpp(376,24): warning C4244: 'argument': conversion from 'double' to 'int', possible loss of data
C:\Users\ALPARSLAN\Desktop\War_Game\main.cpp(382,38): warning C4244: 'argument': conversion from 'double' to 'int32_t', possible loss of data
C:\Users\ALPARSLAN\Desktop\War_Game\main.cpp(382,28): warning C4244: 'argument': conversion from 'double' to 'int32_t', possible loss of data
C:\Users\ALPARSLAN\Desktop\War_Game\main.cpp(386,37): warning C4244: 'argument': conversion from 'double' to 'int', possible loss of data
C:\Users\ALPARSLAN\Desktop\War_Game\main.cpp(386,30): warning C4244: 'argument': conversion from 'double' to 'int', possible loss of data
C:\Users\ALPARSLAN\Desktop\War_Game\main.cpp(386,24): warning C4244: 'argument': conversion from 'double' to 'int', possible loss of data
C:\Users\ALPARSLAN\Desktop\War_Game\main.cpp(386,19): warning C4244: 'argument': conversion from 'double' to 'int', possible loss of data
main.obj : error LNK2005: "public: __cdecl Bonus::Bonus(double,double)" (??0Bonus@@QEAA@NN@Z) already defined in Bonus.obj
main.obj : error LNK2005: "public: __cdecl Bullet::Bullet(double,double,double,double,double,double)" (??0Bullet@@QEAA@NNNNNN@Z) already defined in Bullet.obj
main.obj : error LNK2005: "public: __cdecl Enemy::Enemy(double,double,double,double,double)" (??0Enemy@@QEAA@NNNNN@Z) already defined in Enemy.obj
C:\Users\ALPARSLAN\Desktop\War_Game\x64\Debug\ShootingGame.exe : fatal error LNK1169: one or more multiply defined symbols found
