c:\users\alparslan\desktop\ıe 201 project\x64\debug\vc142.pdb
c:\users\alparslan\desktop\ıe 201 project\x64\debug\vc142.ıdb
c:\users\alparslan\desktop\ıe 201 project\x64\debug\olcsımpleengıne.obj
c:\users\alparslan\desktop\ıe 201 project\x64\debug\maın.obj
c:\users\alparslan\desktop\ıe 201 project\x64\debug\manager.obj
c:\users\alparslan\desktop\ıe 201 project\x64\debug\hero.obj
c:\users\alparslan\desktop\ıe 201 project\x64\debug\enemy.obj
c:\users\alparslan\desktop\ıe 201 project\x64\debug\bullet.obj
c:\users\alparslan\desktop\ıe 201 project\x64\debug\bonus.ı
c:\users\alparslan\desktop\ıe 201 project\x64\debug\bullet.ı
c:\users\alparslan\desktop\ıe 201 project\x64\debug\enemy.ı
c:\users\alparslan\desktop\ıe 201 project\x64\debug\hero.ı
c:\users\alparslan\desktop\ıe 201 project\x64\debug\maın.ı
c:\users\alparslan\desktop\ıe 201 project\x64\debug\manager.ı
c:\users\alparslan\desktop\ıe 201 project\x64\debug\olcsımpleengıne.ı
c:\users\alparslan\desktop\ıe 201 project\x64\debug\bonus.obj
c:\users\alparslan\desktop\ıe 201 project\x64\debug\shootınggame.exe
c:\users\alparslan\desktop\ıe 201 project\x64\debug\shootınggame.ılk
c:\users\alparslan\desktop\ıe 201 project\x64\debug\shootınggame.pdb
c:\users\alparslan\desktop\ıe 201 project\x64\debug\main.obj
c:\users\alparslan\desktop\ıe 201 project\x64\debug\olcsimpleengine.obj
c:\users\alparslan\desktop\ıe 201 project\x64\debug\shootinggame.ilk
c:\users\alparslan\desktop\ıe 201 project\x64\debug\nativecodeanalysis.read.1.tlog
c:\users\alparslan\desktop\ıe 201 project\x64\debug\vc142.idb
c:\users\alparslan\desktop\ıe 201 project\x64\debug\enemy.nativecodeanalysis.xml
c:\users\alparslan\desktop\ıe 201 project\x64\debug\hero.nativecodeanalysis.xml
c:\users\alparslan\desktop\ıe 201 project\x64\debug\main.nativecodeanalysis.xml
c:\users\alparslan\desktop\ıe 201 project\x64\debug\manager.nativecodeanalysis.xml
c:\users\alparslan\desktop\ıe 201 project\x64\debug\vc.nativecodeanalysis.all.xml
c:\users\alparslan\desktop\ıe 201 project\x64\debug\shootinggame.exe.lastcodeanalysissucceeded
c:\users\alparslan\desktop\ıe 201 project\x64\debug\shootinggame.tlog\cl.command.1.tlog
c:\users\alparslan\desktop\ıe 201 project\x64\debug\shootinggame.tlog\cl.read.1.tlog
c:\users\alparslan\desktop\ıe 201 project\x64\debug\shootinggame.tlog\cl.write.1.tlog
c:\users\alparslan\desktop\ıe 201 project\x64\debug\shootinggame.tlog\link.command.1.tlog
c:\users\alparslan\desktop\ıe 201 project\x64\debug\shootinggame.tlog\link.read.1.tlog
c:\users\alparslan\desktop\ıe 201 project\x64\debug\shootinggame.tlog\link.write.1.tlog
